<?xml version="1.0" encoding="UTF-8"?>
<!-- Generated by org.testng.reporters.JUnitReportReporter -->
<testsuite hostname="Amariss-Mac-mini.local" failures="0" tests="2" name="sw409.RestAssuredDemo.RestDemoTest" time="3.760" errors="0" timestamp="2020-11-13T14:40:54 EST" skipped="0">
  <testcase classname="sw409.RestAssuredDemo.RestDemoTest" name="getUser" time="2.731"/>
  <system-out/>
  <testcase classname="sw409.RestAssuredDemo.RestDemoTest" name="testAddCuster" time="1.029"/>
  <system-out/>
</testsuite> <!-- sw409.RestAssuredDemo.RestDemoTest -->
